<?xml version="1.0" encoding="UTF-8" ?>
<testsuite tests="7" failures="0" name="nl.ica.ddoa.dda.example.FibTest" time="0.002" errors="0" skipped="0">
  <properties>
[...]
</properties>
  <testcase classname="nl.ica.ddoa.dda.example.FibTest" name="fibo[0]" time="0.001"/>
  <testcase classname="nl.ica.ddoa.dda.example.FibTest" name="fibo[1]" time="0"/>
  <testcase classname="nl.ica.ddoa.dda.example.FibTest" name="fibo[2]" time="0"/>
  <testcase classname="nl.ica.ddoa.dda.example.FibTest" name="fibo[3]" time="0"/>
  <testcase classname="nl.ica.ddoa.dda.example.FibTest" name="fibo[4]" time="0"/>
  <testcase classname="nl.ica.ddoa.dda.example.FibTest" name="fibo[5]" time="0.001"/>
  <testcase classname="nl.ica.ddoa.dda.example.FibTest" name="fibo[6]" time="0"/>
</testsuite>